<?xml version="1.0" encoding="UTF-8"?>
<!-- Generated by org.testng.reporters.JUnitReportReporter -->
<testsuite hostname="CPU-0060" failures="0" tests="2" name="raBi.MavenJava.APITest" time="0.016" errors="0" timestamp="2021-04-12T11:41:11 IST" skipped="0">
  <testcase classname="raBi.MavenJava.APITest" name="google_map" time="0.002"/>
  <system-out/>
  <testcase classname="raBi.MavenJava.APITest" name="delete_twitter" time="0.014"/>
  <system-out/>
</testsuite> <!-- raBi.MavenJava.APITest -->
