<?xml version="1.0" encoding="UTF-8"?>
<!-- Generated by org.testng.reporters.JUnitReportReporter -->
<testsuite hostname="CPU-0060" failures="0" tests="1" name="raBi.MavenJava.extended_thread" time="3.021" errors="0" timestamp="2021-04-13T14:37:35 IST" skipped="0">
  <testcase classname="raBi.MavenJava.extended_thread" name="fristmethod" time="3.021"/>
  <system-out/>
</testsuite> <!-- raBi.MavenJava.extended_thread -->
