<?xml version="1.0" encoding="UTF-8"?>
<!-- Generated by org.testng.reporters.JUnitReportReporter -->
<testsuite hostname="LAPTOP-HSQD46T4" failures="0" tests="1" name="importantClassesJava.localesTimes" time="0.284" errors="0" timestamp="2022-06-15T09:41:22 IST" skipped="0">
  <testcase classname="importantClassesJava.localesTimes" name="localesTimeest" time="0.284"/>
  <system-out/>
</testsuite> <!-- importantClassesJava.localesTimes -->
