<?xml version="1.0" encoding="UTF-8"?>
<!-- Generated by org.testng.reporters.JUnitReportReporter -->
<testsuite hostname="CPU-0060" failures="0" tests="1" name="raBi.MavenJava.java_demo" time="0.038" errors="0" timestamp="2021-04-12T17:47:55 IST" skipped="0">
  <testcase classname="raBi.MavenJava.java_demo" name="javatestdemo" time="0.038"/>
  <system-out/>
</testsuite> <!-- raBi.MavenJava.java_demo -->
