<?xml version="1.0" encoding="UTF-8"?>
<!-- Generated by org.testng.reporters.JUnitReportReporter -->
<testsuite hostname="LAPTOP-HSQD46T4" failures="0" tests="1" name="importantClassesJava.LocaleClass" time="0.010" errors="0" timestamp="2023-03-09T00:16:15 IST" skipped="0">
  <testcase classname="importantClassesJava.LocaleClass" name="testLocales" time="0.010"/>
  <system-out/>
</testsuite> <!-- importantClassesJava.LocaleClass -->
