<?xml version="1.0" encoding="UTF-8"?>
<!-- Generated by org.testng.reporters.JUnitReportReporter -->
<testsuite hostname="DESKTOP-AB28KPC" failures="0" tests="1" name="raBi.MavenJava.APITest" time="0.027" errors="0" timestamp="2021-01-31T20:44:27 IST" skipped="0">
  <testcase classname="raBi.MavenJava.APITest" name="google_map" time="0.027"/>
  <system-out/>
</testsuite> <!-- raBi.MavenJava.APITest -->
